<?xml version="1.0" encoding="UTF-8"?>
<robot generator="Robot 7.0 (Python 3.12.2 on win32)" generated="2024-04-29T21:28:06.221178" rpa="false" schemaversion="5">
<suite id="s1" name="Test Booker" source="c:\Iterasys\RobotBooker140\__tests__\api\test_booker.robot">
<kw name="Creat Token" owner="common" type="SETUP">
<kw name="Create Dictionary" owner="BuiltIn">
<msg time="2024-04-29T21:28:06.648176" level="INFO">${body} = {'username': 'admin', 'password': 'password123'}</msg>
<var>${body}</var>
<arg>username=admin</arg>
<arg>password=password123</arg>
<doc>Creates and returns a dictionary based on the given ``items``.</doc>
<status status="PASS" start="2024-04-29T21:28:06.647176" elapsed="0.004002"/>
</kw>
<kw name="POST" owner="RequestsLibrary">
<msg time="2024-04-29T21:28:07.725660" level="INFO">POST Request : url=https://restful-booker.herokuapp.com/auth 
 path_url=/auth 
 headers={'User-Agent': 'python-requests/2.31.0', 'Accept-Encoding': 'gzip, deflate', 'Accept': '*/*', 'Connection': 'keep-alive', 'Content-Length': '48', 'Content-Type': 'application/json'} 
 body=b'{"username": "admin", "password": "password123"}' 
 </msg>
<msg time="2024-04-29T21:28:07.726660" level="INFO">POST Response : url=https://restful-booker.herokuapp.com/auth 
 status=200, reason=OK 
 headers={'Server': 'Cowboy', 'Report-To': '{"group":"heroku-nel","max_age":3600,"endpoints":[{"url":"https://nel.heroku.com/reports?ts=1714436886&amp;sid=c46efe9b-d3d2-4a0c-8c76-bfafa16c5add&amp;s=wB1zWnvKL1kYqRwu6mURV6tl2PnKBI%2BpYjvuSLqv%2FXE%3D"}]}', 'Reporting-Endpoints': 'heroku-nel=https://nel.heroku.com/reports?ts=1714436886&amp;sid=c46efe9b-d3d2-4a0c-8c76-bfafa16c5add&amp;s=wB1zWnvKL1kYqRwu6mURV6tl2PnKBI%2BpYjvuSLqv%2FXE%3D', 'Nel': '{"report_to":"heroku-nel","max_age":3600,"success_fraction":0.005,"failure_fraction":0.05,"response_headers":["Via"]}', 'Connection': 'keep-alive', 'X-Powered-By': 'Express', 'Content-Type': 'application/json; charset=utf-8', 'Content-Length': '27', 'Etag': 'W/"1b-F9aAozm+tbRKykLE4Jh0G2XK1ts"', 'Date': 'Tue, 30 Apr 2024 00:28:06 GMT', 'Via': '1.1 vegur'} 
 body={"token":"5e59dd4f7809aa1"} 
 </msg>
<msg time="2024-04-29T21:28:07.726660" level="INFO">${response} = &lt;Response [200]&gt;</msg>
<var>${response}</var>
<arg>url=${url}/auth</arg>
<arg>json=${body}</arg>
<doc>Sends a POST request.</doc>
<status status="PASS" start="2024-04-29T21:28:06.652178" elapsed="1.075482"/>
</kw>
<kw name="Status Should Be" owner="RequestsLibrary">
<arg>200</arg>
<doc>Fails if response status code is different than the expected.</doc>
<status status="PASS" start="2024-04-29T21:28:07.727660" elapsed="0.001000"/>
</kw>
<kw name="Set Variable" owner="BuiltIn">
<msg time="2024-04-29T21:28:07.730648" level="INFO">${token} = 5e59dd4f7809aa1</msg>
<var>${token}</var>
<arg>${response.json()}[token]</arg>
<doc>Returns the given values which can then be assigned to a variables.</doc>
<status status="PASS" start="2024-04-29T21:28:07.729649" elapsed="0.002000"/>
</kw>
<kw name="Set Suite Variable" owner="BuiltIn">
<msg time="2024-04-29T21:28:07.732648" level="INFO">${token} = 5e59dd4f7809aa1</msg>
<arg>${token}</arg>
<doc>Makes a variable available everywhere within the scope of the current suite.</doc>
<status status="PASS" start="2024-04-29T21:28:07.731649" elapsed="0.000999"/>
</kw>
<kw name="Log To Console" owner="BuiltIn">
<arg>${token}</arg>
<doc>Logs the given message to the console.</doc>
<status status="PASS" start="2024-04-29T21:28:07.733649" elapsed="0.001011"/>
</kw>
<arg>${url}</arg>
<status status="PASS" start="2024-04-29T21:28:06.646176" elapsed="1.088484"/>
</kw>
<test id="s1-t1" name="Get Booking" line="34">
<kw name="Get Booking Id" owner="common">
<kw name="GET" owner="RequestsLibrary">
<msg time="2024-04-29T21:28:08.800756" level="INFO">GET Request : url=https://restful-booker.herokuapp.com/booking?firstname=Boby&amp;lastname=Brown 
 path_url=/booking?firstname=Boby&amp;lastname=Brown 
 headers={'User-Agent': 'python-requests/2.31.0', 'Accept-Encoding': 'gzip, deflate', 'Accept': '*/*', 'Connection': 'keep-alive'} 
 body=None 
 </msg>
<msg time="2024-04-29T21:28:08.800756" level="INFO">GET Response : url=https://restful-booker.herokuapp.com/booking?firstname=Boby&amp;lastname=Brown 
 status=200, reason=OK 
 headers={'Server': 'Cowboy', 'Report-To': '{"group":"heroku-nel","max_age":3600,"endpoints":[{"url":"https://nel.heroku.com/reports?ts=1714436887&amp;sid=c46efe9b-d3d2-4a0c-8c76-bfafa16c5add&amp;s=a23Ng%2B045od0RnwE94qnYF2zC4C%2BKJBYie1alrR%2FcWc%3D"}]}', 'Reporting-Endpoints': 'heroku-nel=https://nel.heroku.com/reports?ts=1714436887&amp;sid=c46efe9b-d3d2-4a0c-8c76-bfafa16c5add&amp;s=a23Ng%2B045od0RnwE94qnYF2zC4C%2BKJBYie1alrR%2FcWc%3D', 'Nel': '{"report_to":"heroku-nel","max_age":3600,"success_fraction":0.005,"failure_fraction":0.05,"response_headers":["Via"]}', 'Connection': 'keep-alive', 'X-Powered-By': 'Express', 'Content-Type': 'application/json; charset=utf-8', 'Content-Length': '39', 'Etag': 'W/"27-gV5yvEgeibDzymOmiKENxNeN5Rg"', 'Date': 'Tue, 30 Apr 2024 00:28:07 GMT', 'Via': '1.1 vegur'} 
 body=[{"bookingid":3332},{"bookingid":2701}] 
 </msg>
<msg time="2024-04-29T21:28:08.800756" level="INFO">${response} = &lt;Response [200]&gt;</msg>
<var>${response}</var>
<arg>url=${url}/booking?firstname=${firstname}&amp;lastname=${lastname}</arg>
<doc>Sends a GET request.</doc>
<status status="PASS" start="2024-04-29T21:28:07.738655" elapsed="1.063104"/>
</kw>
<kw name="Set Variable" owner="BuiltIn">
<msg time="2024-04-29T21:28:08.802757" level="INFO">${response_body} = [{'bookingid': 3332}, {'bookingid': 2701}]</msg>
<var>${response_body}</var>
<arg>${response.json()}</arg>
<doc>Returns the given values which can then be assigned to a variables.</doc>
<status status="PASS" start="2024-04-29T21:28:08.801759" elapsed="0.000998"/>
</kw>
<kw name="Log To Console" owner="BuiltIn">
<arg>${response_body}</arg>
<doc>Logs the given message to the console.</doc>
<status status="PASS" start="2024-04-29T21:28:08.802757" elapsed="0.001000"/>
</kw>
<kw name="Status Should Be" owner="RequestsLibrary">
<arg>200</arg>
<doc>Fails if response status code is different than the expected.</doc>
<status status="PASS" start="2024-04-29T21:28:08.803757" elapsed="0.000999"/>
</kw>
<kw name="Set Variable" owner="BuiltIn">
<msg time="2024-04-29T21:28:08.804756" level="INFO">${booking_id} = 3332</msg>
<var>${booking_id}</var>
<arg>${response_body}[0][bookingid]</arg>
<doc>Returns the given values which can then be assigned to a variables.</doc>
<status status="PASS" start="2024-04-29T21:28:08.804756" elapsed="0.001000"/>
</kw>
<kw name="Set Suite Variable" owner="BuiltIn">
<msg time="2024-04-29T21:28:08.805756" level="INFO">${booking_id} = 3332</msg>
<arg>${booking_id}</arg>
<doc>Makes a variable available everywhere within the scope of the current suite.</doc>
<status status="PASS" start="2024-04-29T21:28:08.805756" elapsed="0.001000"/>
</kw>
<arg>${url}</arg>
<arg>${firstname}</arg>
<arg>${lastname}</arg>
<status status="PASS" start="2024-04-29T21:28:07.737648" elapsed="1.069108"/>
</kw>
<kw name="GET" owner="RequestsLibrary">
<msg time="2024-04-29T21:28:09.865608" level="INFO">GET Request : url=https://restful-booker.herokuapp.com/booking/3332 
 path_url=/booking/3332 
 headers={'User-Agent': 'python-requests/2.31.0', 'Accept-Encoding': 'gzip, deflate', 'Accept': '*/*', 'Connection': 'keep-alive'} 
 body=None 
 </msg>
<msg time="2024-04-29T21:28:09.866605" level="INFO">GET Response : url=https://restful-booker.herokuapp.com/booking/3332 
 status=200, reason=OK 
 headers={'Server': 'Cowboy', 'Report-To': '{"group":"heroku-nel","max_age":3600,"endpoints":[{"url":"https://nel.heroku.com/reports?ts=1714436888&amp;sid=c46efe9b-d3d2-4a0c-8c76-bfafa16c5add&amp;s=5S4x6FQ3pk7ZmcxBqhY%2FhsqFHRdoyMi8ZgmIS7d49s0%3D"}]}', 'Reporting-Endpoints': 'heroku-nel=https://nel.heroku.com/reports?ts=1714436888&amp;sid=c46efe9b-d3d2-4a0c-8c76-bfafa16c5add&amp;s=5S4x6FQ3pk7ZmcxBqhY%2FhsqFHRdoyMi8ZgmIS7d49s0%3D', 'Nel': '{"report_to":"heroku-nel","max_age":3600,"success_fraction":0.005,"failure_fraction":0.05,"response_headers":["Via"]}', 'Connection': 'keep-alive', 'X-Powered-By': 'Express', 'Content-Type': 'application/json; charset=utf-8', 'Content-Length': '170', 'Etag': 'W/"aa-wuT3dGHPhQey8Kjhu9hGlW0fQnU"', 'Date': 'Tue, 30 Apr 2024 00:28:08 GMT', 'Via': '1.1 vegur'} 
 body={"firstname":"Boby","lastname":"Brown","totalprice":150,"depositpaid":false,"bookingdates":{"checkin":"2024-04-27","checkout":"2024-04-27"},"additionalneeds":"Breakfast"} 
 </msg>
<msg time="2024-04-29T21:28:09.867604" level="INFO">${response} = &lt;Response [200]&gt;</msg>
<var>${response}</var>
<arg>url=${url}/booking/${booking_id}</arg>
<doc>Sends a GET request.</doc>
<status status="PASS" start="2024-04-29T21:28:08.807756" elapsed="1.059848"/>
</kw>
<kw name="Set Variable" owner="BuiltIn">
<msg time="2024-04-29T21:28:09.870603" level="INFO">${response_body} = {'firstname': 'Boby', 'lastname': 'Brown', 'totalprice': 150, 'depositpaid': False, 'bookingdates': {'checkin': '2024-04-27', 'checkout': '2024-04-27'}, 'additionalneeds': 'Breakfast'}</msg>
<var>${response_body}</var>
<arg>${response.json()}</arg>
<doc>Returns the given values which can then be assigned to a variables.</doc>
<status status="PASS" start="2024-04-29T21:28:09.869603" elapsed="0.002002"/>
</kw>
<kw name="Log To Console" owner="BuiltIn">
<arg>${response_body}</arg>
<doc>Logs the given message to the console.</doc>
<status status="PASS" start="2024-04-29T21:28:09.872603" elapsed="0.001000"/>
</kw>
<kw name="Should Be Equal" owner="BuiltIn">
<arg>${response_body}[firstname]</arg>
<arg>${firstname}</arg>
<doc>Fails if the given objects are unequal.</doc>
<status status="PASS" start="2024-04-29T21:28:09.874602" elapsed="0.000000"/>
</kw>
<kw name="Should Be Equal" owner="BuiltIn">
<arg>${response_body}[lastname]</arg>
<arg>${lastname}</arg>
<doc>Fails if the given objects are unequal.</doc>
<status status="PASS" start="2024-04-29T21:28:09.875606" elapsed="0.000996"/>
</kw>
<kw name="Should Be Equal" owner="BuiltIn">
<arg>${response_body}[totalprice]</arg>
<arg>${totalprice}</arg>
<doc>Fails if the given objects are unequal.</doc>
<status status="PASS" start="2024-04-29T21:28:09.877603" elapsed="0.001001"/>
</kw>
<kw name="Should Be Equal" owner="BuiltIn">
<arg>${response_body}[depositpaid]</arg>
<arg>${depositpaid}</arg>
<doc>Fails if the given objects are unequal.</doc>
<status status="PASS" start="2024-04-29T21:28:09.879606" elapsed="0.001535"/>
</kw>
<kw name="Should Be Equal" owner="BuiltIn">
<arg>${response_body}[bookingdates][checkin]</arg>
<arg>${bookingdates}[checkin]</arg>
<doc>Fails if the given objects are unequal.</doc>
<status status="PASS" start="2024-04-29T21:28:09.882138" elapsed="0.000000"/>
</kw>
<kw name="Should Be Equal" owner="BuiltIn">
<arg>${response_body}[bookingdates][checkout]</arg>
<arg>${bookingdates}[checkout]</arg>
<doc>Fails if the given objects are unequal.</doc>
<status status="PASS" start="2024-04-29T21:28:09.884138" elapsed="0.000000"/>
</kw>
<kw name="Should Be Equal" owner="BuiltIn">
<arg>${response_body}[additionalneeds]</arg>
<arg>${additionalneeds}</arg>
<doc>Fails if the given objects are unequal.</doc>
<status status="PASS" start="2024-04-29T21:28:09.916134" elapsed="0.001002"/>
</kw>
<status status="PASS" start="2024-04-29T21:28:07.735650" elapsed="2.184484"/>
</test>
<status status="PASS" start="2024-04-29T21:28:06.244178" elapsed="3.680959"/>
</suite>
<statistics>
<total>
<stat pass="1" fail="0" skip="0">All Tests</stat>
</total>
<tag>
</tag>
<suite>
<stat pass="1" fail="0" skip="0" id="s1" name="Test Booker">Test Booker</stat>
</suite>
</statistics>
<errors>
</errors>
</robot>
