<?xml version="1.0" encoding="UTF-8"?>
<robot generator="Robot 7.0 (Python 3.12.2 on win32)" generated="2024-04-29T22:44:03.251267" rpa="false" schemaversion="5">
<suite id="s1" name="Test Booker" source="c:\Iterasys\RobotBooker140\__tests__\api\test_booker.robot">
<kw name="Creat Token" owner="common" type="SETUP">
<kw name="Create Dictionary" owner="BuiltIn">
<msg time="2024-04-29T22:44:03.654269" level="INFO">${body} = {'username': 'admin', 'password': 'password123'}</msg>
<var>${body}</var>
<arg>username=admin</arg>
<arg>password=password123</arg>
<doc>Creates and returns a dictionary based on the given ``items``.</doc>
<status status="PASS" start="2024-04-29T22:44:03.653264" elapsed="0.004000"/>
</kw>
<kw name="POST" owner="RequestsLibrary">
<msg time="2024-04-29T22:44:04.708149" level="INFO">POST Request : url=https://restful-booker.herokuapp.com/auth 
 path_url=/auth 
 headers={'User-Agent': 'python-requests/2.31.0', 'Accept-Encoding': 'gzip, deflate', 'Accept': '*/*', 'Connection': 'keep-alive', 'Content-Length': '48', 'Content-Type': 'application/json'} 
 body=b'{"username": "admin", "password": "password123"}' 
 </msg>
<msg time="2024-04-29T22:44:04.709149" level="INFO">POST Response : url=https://restful-booker.herokuapp.com/auth 
 status=200, reason=OK 
 headers={'Server': 'Cowboy', 'Report-To': '{"group":"heroku-nel","max_age":3600,"endpoints":[{"url":"https://nel.heroku.com/reports?ts=1714441443&amp;sid=c46efe9b-d3d2-4a0c-8c76-bfafa16c5add&amp;s=xW7SWTVnNCoprLvBLJY3Vyn0fGpSpYCENfEQfQg1Q%2F4%3D"}]}', 'Reporting-Endpoints': 'heroku-nel=https://nel.heroku.com/reports?ts=1714441443&amp;sid=c46efe9b-d3d2-4a0c-8c76-bfafa16c5add&amp;s=xW7SWTVnNCoprLvBLJY3Vyn0fGpSpYCENfEQfQg1Q%2F4%3D', 'Nel': '{"report_to":"heroku-nel","max_age":3600,"success_fraction":0.005,"failure_fraction":0.05,"response_headers":["Via"]}', 'Connection': 'keep-alive', 'X-Powered-By': 'Express', 'Content-Type': 'application/json; charset=utf-8', 'Content-Length': '27', 'Etag': 'W/"1b-q83XvuLpNQyYo7abh0dTo87CYQo"', 'Date': 'Tue, 30 Apr 2024 01:44:03 GMT', 'Via': '1.1 vegur'} 
 body={"token":"fbaf75ffc337c4a"} 
 </msg>
<msg time="2024-04-29T22:44:04.710149" level="INFO">${response} = &lt;Response [200]&gt;</msg>
<var>${response}</var>
<arg>url=${url}/auth</arg>
<arg>json=${body}</arg>
<doc>Sends a POST request.</doc>
<status status="PASS" start="2024-04-29T22:44:03.658264" elapsed="1.051885"/>
</kw>
<kw name="Status Should Be" owner="RequestsLibrary">
<arg>200</arg>
<doc>Fails if response status code is different than the expected.</doc>
<status status="PASS" start="2024-04-29T22:44:04.711148" elapsed="0.000000"/>
</kw>
<kw name="Set Variable" owner="BuiltIn">
<msg time="2024-04-29T22:44:04.713148" level="INFO">${token} = fbaf75ffc337c4a</msg>
<var>${token}</var>
<arg>${response.json()}[token]</arg>
<doc>Returns the given values which can then be assigned to a variables.</doc>
<status status="PASS" start="2024-04-29T22:44:04.712148" elapsed="0.002001"/>
</kw>
<kw name="Set Suite Variable" owner="BuiltIn">
<msg time="2024-04-29T22:44:04.715149" level="INFO">${token} = fbaf75ffc337c4a</msg>
<arg>${token}</arg>
<doc>Makes a variable available everywhere within the scope of the current suite.</doc>
<status status="PASS" start="2024-04-29T22:44:04.715149" elapsed="0.000999"/>
</kw>
<kw name="Log To Console" owner="BuiltIn">
<arg>${token}</arg>
<doc>Logs the given message to the console.</doc>
<status status="PASS" start="2024-04-29T22:44:04.716148" elapsed="0.001000"/>
</kw>
<arg>${url}</arg>
<status status="PASS" start="2024-04-29T22:44:03.652269" elapsed="1.065880"/>
</kw>
<test id="s1-t1" name="Update Booking" line="51">
<kw name="Get Booking Id" owner="common">
<kw name="GET" owner="RequestsLibrary">
<msg time="2024-04-29T22:44:05.773166" level="INFO">GET Request : url=https://restful-booker.herokuapp.com/booking?firstname=Boby&amp;lastname=Brown 
 path_url=/booking?firstname=Boby&amp;lastname=Brown 
 headers={'User-Agent': 'python-requests/2.31.0', 'Accept-Encoding': 'gzip, deflate', 'Accept': '*/*', 'Connection': 'keep-alive'} 
 body=None 
 </msg>
<msg time="2024-04-29T22:44:05.773166" level="INFO">GET Response : url=https://restful-booker.herokuapp.com/booking?firstname=Boby&amp;lastname=Brown 
 status=200, reason=OK 
 headers={'Server': 'Cowboy', 'Report-To': '{"group":"heroku-nel","max_age":3600,"endpoints":[{"url":"https://nel.heroku.com/reports?ts=1714441444&amp;sid=c46efe9b-d3d2-4a0c-8c76-bfafa16c5add&amp;s=izfMEBeCC8D83zjrnlDHVcP4vUV18n6uCXFTZFhSG30%3D"}]}', 'Reporting-Endpoints': 'heroku-nel=https://nel.heroku.com/reports?ts=1714441444&amp;sid=c46efe9b-d3d2-4a0c-8c76-bfafa16c5add&amp;s=izfMEBeCC8D83zjrnlDHVcP4vUV18n6uCXFTZFhSG30%3D', 'Nel': '{"report_to":"heroku-nel","max_age":3600,"success_fraction":0.005,"failure_fraction":0.05,"response_headers":["Via"]}', 'Connection': 'keep-alive', 'X-Powered-By': 'Express', 'Content-Type': 'application/json; charset=utf-8', 'Content-Length': '55', 'Etag': 'W/"37-l9Bz1DE3kfjjJP7fOEgU9qJ6Mj0"', 'Date': 'Tue, 30 Apr 2024 01:44:04 GMT', 'Via': '1.1 vegur'} 
 body=[{"bookingid":1219},{"bookingid":860},{"bookingid":24}] 
 </msg>
<msg time="2024-04-29T22:44:05.773166" level="INFO">${response} = &lt;Response [200]&gt;</msg>
<var>${response}</var>
<arg>url=${url}/booking?firstname=${firstname}&amp;lastname=${lastname}</arg>
<doc>Sends a GET request.</doc>
<status status="PASS" start="2024-04-29T22:44:04.721149" elapsed="1.052017"/>
</kw>
<kw name="Set Variable" owner="BuiltIn">
<msg time="2024-04-29T22:44:05.775167" level="INFO">${response_body} = [{'bookingid': 1219}, {'bookingid': 860}, {'bookingid': 24}]</msg>
<var>${response_body}</var>
<arg>${response.json()}</arg>
<doc>Returns the given values which can then be assigned to a variables.</doc>
<status status="PASS" start="2024-04-29T22:44:05.774166" elapsed="0.001001"/>
</kw>
<kw name="Log To Console" owner="BuiltIn">
<arg>${response_body}</arg>
<doc>Logs the given message to the console.</doc>
<status status="PASS" start="2024-04-29T22:44:05.775167" elapsed="0.001001"/>
</kw>
<kw name="Status Should Be" owner="RequestsLibrary">
<arg>200</arg>
<doc>Fails if response status code is different than the expected.</doc>
<status status="PASS" start="2024-04-29T22:44:05.776168" elapsed="0.001000"/>
</kw>
<kw name="Set Variable" owner="BuiltIn">
<msg time="2024-04-29T22:44:05.777168" level="INFO">${booking_id} = 1219</msg>
<var>${booking_id}</var>
<arg>${response_body}[0][bookingid]</arg>
<doc>Returns the given values which can then be assigned to a variables.</doc>
<status status="PASS" start="2024-04-29T22:44:05.777168" elapsed="0.022000"/>
</kw>
<kw name="Set Suite Variable" owner="BuiltIn">
<msg time="2024-04-29T22:44:05.800172" level="INFO">${booking_id} = 1219</msg>
<arg>${booking_id}</arg>
<doc>Makes a variable available everywhere within the scope of the current suite.</doc>
<status status="PASS" start="2024-04-29T22:44:05.800172" elapsed="0.000996"/>
</kw>
<arg>${url}</arg>
<arg>${firstname}</arg>
<arg>${lastname}</arg>
<status status="PASS" start="2024-04-29T22:44:04.720150" elapsed="1.081018"/>
</kw>
<kw name="Create Dictionary" owner="BuiltIn">
<msg time="2024-04-29T22:44:05.805168" level="INFO">${headers} = {'Content-Type': 'application/json', 'Cookie': 'token=fbaf75ffc337c4a'}</msg>
<var>${headers}</var>
<arg>Content-Type=${content_type}</arg>
<arg>Cookie=token=${token}</arg>
<doc>Creates and returns a dictionary based on the given ``items``.</doc>
<status status="PASS" start="2024-04-29T22:44:05.804165" elapsed="0.001003"/>
</kw>
<kw name="Create Dictionary" owner="BuiltIn">
<msg time="2024-04-29T22:44:05.808167" level="INFO">${body} = {'firstname': 'Boby', 'lastname': 'Brown', 'totalprice': '90', 'depositpaid': 'True', 'bookingdates': {'checkin': '2024-04-27', 'checkout': '2024-04-27'}, 'additionalneeds': 'Breakfast'}</msg>
<var>${body}</var>
<arg>firstname=${firstname}</arg>
<arg>lastname=${lastname}</arg>
<arg>totalprice=90</arg>
<arg>depositpaid=True</arg>
<arg>bookingdates=${bookingdates}</arg>
<arg>additionalneeds=${additionalneeds}</arg>
<doc>Creates and returns a dictionary based on the given ``items``.</doc>
<status status="PASS" start="2024-04-29T22:44:05.807166" elapsed="0.001001"/>
</kw>
<kw name="PUT" owner="RequestsLibrary">
<msg time="2024-04-29T22:44:06.868446" level="INFO">PUT Request : url=https://restful-booker.herokuapp.com/booking/1219 
 path_url=/booking/1219 
 headers={'User-Agent': 'python-requests/2.31.0', 'Accept-Encoding': 'gzip, deflate', 'Accept': '*/*', 'Connection': 'keep-alive', 'Content-Type': 'application/json', 'Cookie': 'token=fbaf75ffc337c4a', 'Content-Length': '186'} 
 body=b'{"firstname": "Boby", "lastname": "Brown", "totalprice": "90", "depositpaid": "True", "bookingdates": {"checkin": "2024-04-27", "checkout": "2024-04-27"}, "additionalneeds": "Breakfast"}' 
 </msg>
<msg time="2024-04-29T22:44:06.868446" level="INFO">PUT Response : url=https://restful-booker.herokuapp.com/booking/1219 
 status=200, reason=OK 
 headers={'Server': 'Cowboy', 'Report-To': '{"group":"heroku-nel","max_age":3600,"endpoints":[{"url":"https://nel.heroku.com/reports?ts=1714441445&amp;sid=c46efe9b-d3d2-4a0c-8c76-bfafa16c5add&amp;s=C%2Fria3WW7jgO37h3tjfK7HDdNW2QjjXUPEBY2kmSe54%3D"}]}', 'Reporting-Endpoints': 'heroku-nel=https://nel.heroku.com/reports?ts=1714441445&amp;sid=c46efe9b-d3d2-4a0c-8c76-bfafa16c5add&amp;s=C%2Fria3WW7jgO37h3tjfK7HDdNW2QjjXUPEBY2kmSe54%3D', 'Nel': '{"report_to":"heroku-nel","max_age":3600,"success_fraction":0.005,"failure_fraction":0.05,"response_headers":["Via"]}', 'Connection': 'keep-alive', 'X-Powered-By': 'Express', 'Content-Type': 'application/json; charset=utf-8', 'Content-Length': '168', 'Etag': 'W/"a8-r/wdPZ/RbdbGGo0vRg+onEJOd+I"', 'Date': 'Tue, 30 Apr 2024 01:44:05 GMT', 'Via': '1.1 vegur'} 
 body={"firstname":"Boby","lastname":"Brown","totalprice":90,"depositpaid":true,"bookingdates":{"checkin":"2024-04-27","checkout":"2024-04-27"},"additionalneeds":"Breakfast"} 
 </msg>
<msg time="2024-04-29T22:44:06.869451" level="INFO">${response} = &lt;Response [200]&gt;</msg>
<var>${response}</var>
<arg>url=${url}/booking/${booking_id}</arg>
<arg>json=${body}</arg>
<arg>headers=${headers}</arg>
<doc>Sends a PUT request.</doc>
<status status="PASS" start="2024-04-29T22:44:05.811167" elapsed="1.058284"/>
</kw>
<kw name="Set Variable" owner="BuiltIn">
<msg time="2024-04-29T22:44:06.873437" level="INFO">${response_body} = {'firstname': 'Boby', 'lastname': 'Brown', 'totalprice': 90, 'depositpaid': True, 'bookingdates': {'checkin': '2024-04-27', 'checkout': '2024-04-27'}, 'additionalneeds': 'Breakfast'}</msg>
<var>${response_body}</var>
<arg>${response.json()}</arg>
<doc>Returns the given values which can then be assigned to a variables.</doc>
<status status="PASS" start="2024-04-29T22:44:06.871433" elapsed="0.002004"/>
</kw>
<kw name="Log To Console" owner="BuiltIn">
<arg>${response_body}</arg>
<doc>Logs the given message to the console.</doc>
<status status="PASS" start="2024-04-29T22:44:06.877434" elapsed="0.001999"/>
</kw>
<kw name="Status Should Be" owner="RequestsLibrary">
<arg>200</arg>
<doc>Fails if response status code is different than the expected.</doc>
<status status="PASS" start="2024-04-29T22:44:06.880436" elapsed="0.000996"/>
</kw>
<kw name="Should Be Equal" owner="BuiltIn">
<arg>${response_body}[firstname]</arg>
<arg>${firstname}</arg>
<doc>Fails if the given objects are unequal.</doc>
<status status="PASS" start="2024-04-29T22:44:06.881432" elapsed="0.001002"/>
</kw>
<kw name="Should Be Equal" owner="BuiltIn">
<arg>${response_body}[lastname]</arg>
<arg>${lastname}</arg>
<doc>Fails if the given objects are unequal.</doc>
<status status="PASS" start="2024-04-29T22:44:06.883433" elapsed="0.000000"/>
</kw>
<kw name="Should Be Equal" owner="BuiltIn">
<arg>${response_body}[totalprice]</arg>
<arg>${{int(90)}}</arg>
<doc>Fails if the given objects are unequal.</doc>
<status status="PASS" start="2024-04-29T22:44:06.884431" elapsed="0.000999"/>
</kw>
<kw name="Should Be Equal" owner="BuiltIn">
<arg>${response_body}[depositpaid]</arg>
<arg>${{bool(True)}}</arg>
<doc>Fails if the given objects are unequal.</doc>
<status status="PASS" start="2024-04-29T22:44:06.886432" elapsed="0.000999"/>
</kw>
<kw name="Should Be Equal" owner="BuiltIn">
<arg>${response_body}[bookingdates][checkin]</arg>
<arg>${bookingdates}[checkin]</arg>
<doc>Fails if the given objects are unequal.</doc>
<status status="PASS" start="2024-04-29T22:44:06.887431" elapsed="0.001000"/>
</kw>
<kw name="Should Be Equal" owner="BuiltIn">
<arg>${response_body}[bookingdates][checkout]</arg>
<arg>${bookingdates}[checkout]</arg>
<doc>Fails if the given objects are unequal.</doc>
<status status="PASS" start="2024-04-29T22:44:06.889431" elapsed="0.000000"/>
</kw>
<kw name="Should Be Equal" owner="BuiltIn">
<arg>${response_body}[additionalneeds]</arg>
<arg>${additionalneeds}</arg>
<doc>Fails if the given objects are unequal.</doc>
<status status="PASS" start="2024-04-29T22:44:06.890430" elapsed="0.000000"/>
</kw>
<status status="PASS" start="2024-04-29T22:44:04.718149" elapsed="2.173281"/>
</test>
<status status="PASS" start="2024-04-29T22:44:03.259264" elapsed="3.634166"/>
</suite>
<statistics>
<total>
<stat pass="1" fail="0" skip="0">All Tests</stat>
</total>
<tag>
</tag>
<suite>
<stat pass="1" fail="0" skip="0" id="s1" name="Test Booker">Test Booker</stat>
</suite>
</statistics>
<errors>
</errors>
</robot>
